2026-05-13 13:54:32,684 | ERROR | Couldnt connect to database | database
Traceback (most recent call last):
  File "C:\Users\Bersimis-pc\Desktop\PROJECTS\GitHub Projects\Domestic-Financial-Management\src\database\database.py", line 22, in connect
    con = sqlite3.connect(db_filepath) # it will create the db file if not exist
sqlite3.OperationalError: unable to open database file
2026-05-13 13:55:51,552 | ERROR | Critical Error: The application crashed | dashboard
Traceback (most recent call last):
  File "C:\Users\Bersimis-pc\Desktop\PROJECTS\GitHub Projects\Domestic-Financial-Management\src\dashboard.py", line 34, in main
    login.start_login()
    ~~~~~~~~~~~~~~~~~^^
  File "C:\Users\Bersimis-pc\Desktop\PROJECTS\GitHub Projects\Domestic-Financial-Management\src\login_system\login.py", line 16, in start_login
    if con:
       ^^^
NameError: name 'con' is not defined
2026-05-13 13:56:33,039 | ERROR | An error occurred during login. | login
Traceback (most recent call last):
  File "C:\Users\Bersimis-pc\Desktop\PROJECTS\GitHub Projects\Domestic-Financial-Management\src\login_system\login.py", line 26, in start_login
    """, (input_user,input_passowrd))
                     ^^^^^^^^^^^^^^
NameError: name 'input_passowrd' is not defined. Did you mean: 'input_passwrod'?
2026-05-13 13:56:33,039 | ERROR | Critical Error: The application crashed | dashboard
Traceback (most recent call last):
  File "C:\Users\Bersimis-pc\Desktop\PROJECTS\GitHub Projects\Domestic-Financial-Management\src\dashboard.py", line 37, in main
    print(f"Welcome {current_user} with id:{current_user_id}!!")
                                            ^^^^^^^^^^^^^^^
NameError: name 'current_user_id' is not defined. Did you mean: 'current_user'?
2026-05-13 13:57:09,469 | ERROR | An error occurred during login. | login
Traceback (most recent call last):
  File "C:\Users\Bersimis-pc\Desktop\PROJECTS\GitHub Projects\Domestic-Financial-Management\src\login_system\login.py", line 26, in start_login
    """, (input_user,input_passowrd))
                     ^^^^^^^^^^^^^^
NameError: name 'input_passowrd' is not defined. Did you mean: 'input_passwrod'?
2026-05-13 13:57:09,470 | ERROR | Critical Error: The application crashed | dashboard
Traceback (most recent call last):
  File "C:\Users\Bersimis-pc\Desktop\PROJECTS\GitHub Projects\Domestic-Financial-Management\src\dashboard.py", line 37, in main
    print(f"Welcome {current_user} with id:{current_user_id}!!")
                                            ^^^^^^^^^^^^^^^
NameError: name 'current_user_id' is not defined. Did you mean: 'current_user'?
2026-05-13 13:57:51,785 | ERROR | An error occurred during login. | login
Traceback (most recent call last):
  File "C:\Users\Bersimis-pc\Desktop\PROJECTS\GitHub Projects\Domestic-Financial-Management\src\login_system\login.py", line 22, in start_login
    cur.execute("""
    ~~~~~~~~~~~^^^^
    SELECT id,username,role_id
    ^^^^^^^^^^^^^^^^^^^^^^^^^^
        FROM users
        ^^^^^^^^^^
        WHERE usernmae=? AND password=?
        ^^^^^^^^^^^^^^^^^^^^^^^^^^^^^^^
    """, (input_user,input_password))
    ^^^^^^^^^^^^^^^^^^^^^^^^^^^^^^^^^
sqlite3.OperationalError: no such column: usernmae
2026-05-13 13:57:51,786 | ERROR | Critical Error: The application crashed | dashboard
Traceback (most recent call last):
  File "C:\Users\Bersimis-pc\Desktop\PROJECTS\GitHub Projects\Domestic-Financial-Management\src\dashboard.py", line 37, in main
    print(f"Welcome {current_user} with id:{current_user_id}!!")
                                            ^^^^^^^^^^^^^^^
NameError: name 'current_user_id' is not defined. Did you mean: 'current_user'?
2026-05-13 13:58:37,467 | ERROR | An error occurred during login. | login
Traceback (most recent call last):
  File "C:\Users\Bersimis-pc\Desktop\PROJECTS\GitHub Projects\Domestic-Financial-Management\src\login_system\login.py", line 22, in start_login
    cur.execute("""
    ~~~~~~~~~~~^^^^
    SELECT id,username,role_id
    ^^^^^^^^^^^^^^^^^^^^^^^^^^
        FROM users
        ^^^^^^^^^^
        WHERE usernmae=? AND password=?
        ^^^^^^^^^^^^^^^^^^^^^^^^^^^^^^^
    """, (input_user,input_password))
    ^^^^^^^^^^^^^^^^^^^^^^^^^^^^^^^^^
sqlite3.OperationalError: no such column: usernmae
2026-05-13 13:58:37,467 | ERROR | Critical Error: The application crashed | dashboard
Traceback (most recent call last):
  File "C:\Users\Bersimis-pc\Desktop\PROJECTS\GitHub Projects\Domestic-Financial-Management\src\dashboard.py", line 37, in main
    print(f"Welcome {current_user} with id:{current_user_id}!!")
                                            ^^^^^^^^^^^^^^^
NameError: name 'current_user_id' is not defined. Did you mean: 'current_user'?
2026-05-13 13:59:33,086 | ERROR | Critical Error: The application crashed | dashboard
Traceback (most recent call last):
  File "C:\Users\Bersimis-pc\Desktop\PROJECTS\GitHub Projects\Domestic-Financial-Management\src\dashboard.py", line 37, in main
    print(f"Welcome {current_user} with id:{current_user_id}!!")
                                            ^^^^^^^^^^^^^^^
NameError: name 'current_user_id' is not defined. Did you mean: 'current_user'?
2026-05-13 14:01:49,941 | ERROR | Critical Error: The application crashed | dashboard
Traceback (most recent call last):
  File "C:\Users\Bersimis-pc\Desktop\PROJECTS\GitHub Projects\Domestic-Financial-Management\src\dashboard.py", line 37, in main
    print(f"Welcome {current_user} with id:{current_user_id}!!")
                                            ^^^^^^^^^^^^^^^
NameError: name 'current_user_id' is not defined. Did you mean: 'current_user'?
2026-05-13 14:10:25,649 | ERROR | An error occurred during login. | login
Traceback (most recent call last):
  File "C:\Users\Bersimis-pc\Desktop\PROJECTS\GitHub Projects\Domestic-Financial-Management\src\login_system\login.py", line 35, in start_login
    auth.set_user(correct_username,correct_user_id)
    ~~~~~~~~~~~~~^^^^^^^^^^^^^^^^^^^^^^^^^^^^^^^^^^
TypeError: set_user() missing 1 required positional argument: 'role_id'
2026-05-13 19:12:39,093 | ERROR | Critical Error: The application crashed | dashboard
Traceback (most recent call last):
  File "C:\Users\Bersimis-pc\Desktop\PROJECTS\GitHub Projects\Domestic-Financial-Management\src\dashboard.py", line 51, in main
    app = FinanceApp() # create the object
  File "C:\Users\Bersimis-pc\Desktop\PROJECTS\GitHub Projects\Domestic-Financial-Management\src\dashboard.py", line 28, in __init__
    self.geometry(style.APP_DIMENSIONS) #Set dimensions of window
                  ^^^^^^^^^^^^^^^^^^^^
AttributeError: module 'config_and_styles' has no attribute 'APP_DIMENSIONS'. Did you mean: 'APP_DIMENTIONS'?
2026-05-13 19:12:48,504 | ERROR | Critical Error: The application crashed | dashboard
Traceback (most recent call last):
  File "C:\Users\Bersimis-pc\Desktop\PROJECTS\GitHub Projects\Domestic-Financial-Management\src\dashboard.py", line 51, in main
    app = FinanceApp() # create the object
  File "C:\Users\Bersimis-pc\Desktop\PROJECTS\GitHub Projects\Domestic-Financial-Management\src\dashboard.py", line 28, in __init__
    self.geometry(style.APP_DIMENSIONS) #Set dimensions of window
                  ^^^^^^^^^^^^^^^^^^^^
AttributeError: module 'config_and_styles' has no attribute 'APP_DIMENSIONS'. Did you mean: 'APP_DIMENTIONS'?
2026-05-13 19:14:14,309 | ERROR | Critical Error: The application crashed | dashboard
Traceback (most recent call last):
  File "C:\Users\Bersimis-pc\Desktop\PROJECTS\GitHub Projects\Domestic-Financial-Management\src\dashboard.py", line 51, in main
    app = FinanceApp() # create the object
  File "C:\Users\Bersimis-pc\Desktop\PROJECTS\GitHub Projects\Domestic-Financial-Management\src\dashboard.py", line 28, in __init__
    self.geometry(style.APP_DIMENSIONS) #Set dimensions of window
                  ^^^^^^^^^^^^^^^^^^^^
AttributeError: module 'config_and_styles' has no attribute 'APP_DIMENSIONS'. Did you mean: 'APP_DIMENTIONS'?
2026-05-13 20:41:44,177 | ERROR | Critical Error: The application crashed | dashboard
Traceback (most recent call last):
  File "C:\Users\Bersimis-pc\Desktop\PROJECTS\GitHub Projects\Domestic-Financial-Management\src\dashboard.py", line 35, in main
    root.title(style.APP_TITLE)
               ^^^^^
NameError: name 'style' is not defined. Did you mean: 'type'?
2026-05-14 00:11:59,956 | ERROR | Critical Error: The application crashed | dashboard
Traceback (most recent call last):
  File "C:\Users\Bersimis-pc\Desktop\PROJECTS\GitHub Projects\Domestic-Financial-Management\src\dashboard.py", line 43, in main
    login.build_login_gui(root)
    ~~~~~~~~~~~~~~~~~~~~~^^^^^^
  File "C:\Users\Bersimis-pc\Desktop\PROJECTS\GitHub Projects\Domestic-Financial-Management\src\login_system\login.py", line 62, in build_login_gui
    label=tk.Label(master, option=value)
          ^^
NameError: name 'tk' is not defined
2026-05-14 00:13:29,681 | ERROR | Critical Error: The application crashed | dashboard
Traceback (most recent call last):
  File "C:\Users\Bersimis-pc\Desktop\PROJECTS\GitHub Projects\Domestic-Financial-Management\src\dashboard.py", line 43, in main
    login.build_login_gui(root)
    ~~~~~~~~~~~~~~~~~~~~~^^^^^^
  File "C:\Users\Bersimis-pc\Desktop\PROJECTS\GitHub Projects\Domestic-Financial-Management\src\login_system\login.py", line 62, in build_login_gui
    label=tk.Label(master, option=value)
          ^^
NameError: name 'tk' is not defined
2026-05-14 00:19:24,264 | ERROR | Critical Error: The application crashed | dashboard
Traceback (most recent call last):
  File "C:\Users\Bersimis-pc\Desktop\PROJECTS\GitHub Projects\Domestic-Financial-Management\src\dashboard.py", line 43, in main
    login.build_login_gui(root)
    ~~~~~~~~~~~~~~~~~~~~~^^^^^^
  File "C:\Users\Bersimis-pc\Desktop\PROJECTS\GitHub Projects\Domestic-Financial-Management\src\login_system\login.py", line 62, in build_login_gui
    label=tk.Label(root, text="Login", font=(style.FONT, style.FONT_SIZE_TITLE))
          ^^
NameError: name 'tk' is not defined
2026-05-14 00:29:20,038 | ERROR | Critical Error: The application crashed | dashboard
Traceback (most recent call last):
  File "C:\Users\Bersimis-pc\Desktop\PROJECTS\GitHub Projects\Domestic-Financial-Management\src\dashboard.py", line 43, in main
    login.build_login_gui(root)
    ~~~~~~~~~~~~~~~~~~~~~^^^^^^
  File "C:\Users\Bersimis-pc\Desktop\PROJECTS\GitHub Projects\Domestic-Financial-Management\src\login_system\login.py", line 67, in build_login_gui
    input_user = tkEntry(root, text="Username", font=(style.FONT,style.FONT_SIZE_INPUT))
                 ^^^^^^^
NameError: name 'tkEntry' is not defined
2026-05-14 00:31:42,258 | ERROR | Critical Error: The application crashed | dashboard
Traceback (most recent call last):
  File "C:\Users\Bersimis-pc\Desktop\PROJECTS\GitHub Projects\Domestic-Financial-Management\src\dashboard.py", line 43, in main
    login.build_login_gui(root)
    ~~~~~~~~~~~~~~~~~~~~~^^^^^^
  File "C:\Users\Bersimis-pc\Desktop\PROJECTS\GitHub Projects\Domestic-Financial-Management\src\login_system\login.py", line 68, in build_login_gui
    tkEntry.pack(pady=20)
    ^^^^^^^
NameError: name 'tkEntry' is not defined
2026-05-14 00:59:18,027 | ERROR | Critical Error: The application crashed | dashboard
Traceback (most recent call last):
  File "C:\Users\Bersimis-pc\Desktop\PROJECTS\GitHub Projects\Domestic-Financial-Management\src\dashboard.py", line 43, in main
    login.build_login_gui(root)
    ~~~~~~~~~~~~~~~~~~~~~^^^^^^
  File "C:\Users\Bersimis-pc\Desktop\PROJECTS\GitHub Projects\Domestic-Financial-Management\src\login_system\login.py", line 67, in build_login_gui
    label=tk.Label(root, text="Login", font=(style.FONT, style.FONT_SIZE_TITLE))
                                             ^^^^^^^^^^
AttributeError: module 'config_and_styles' has no attribute 'FONT'
2026-05-14 01:04:46,445 | ERROR | An error occurred during login. | login
Traceback (most recent call last):
  File "C:\Users\Bersimis-pc\Desktop\PROJECTS\GitHub Projects\Domestic-Financial-Management\src\login_system\login.py", line 23, in start_login
    hashed_input = hashlib.sha256(input_password.encode()).hexdigest()
                                  ^^^^^^^^^^^^^^^^^^^^^
AttributeError: 'Entry' object has no attribute 'encode'
2026-05-14 01:04:49,398 | ERROR | An error occurred during login. | login
Traceback (most recent call last):
  File "C:\Users\Bersimis-pc\Desktop\PROJECTS\GitHub Projects\Domestic-Financial-Management\src\login_system\login.py", line 23, in start_login
    hashed_input = hashlib.sha256(input_password.encode()).hexdigest()
                                  ^^^^^^^^^^^^^^^^^^^^^
AttributeError: 'Entry' object has no attribute 'encode'
2026-05-14 01:37:03,473 | ERROR | An error occurred during login. | login
Traceback (most recent call last):
  File "C:\Users\Bersimis-pc\Desktop\PROJECTS\GitHub Projects\Domestic-Financial-Management\src\login_system\login.py", line 55, in start_login
    dashboard.build_dashboard_gui(root) # on corect credentials go to dashboard GUI
    ^^^^^^^^^
NameError: name 'dashboard' is not defined
2026-05-14 01:37:05,134 | ERROR | An error occurred during login. | login
Traceback (most recent call last):
  File "C:\Users\Bersimis-pc\Desktop\PROJECTS\GitHub Projects\Domestic-Financial-Management\src\login_system\login.py", line 55, in start_login
    dashboard.build_dashboard_gui(root) # on corect credentials go to dashboard GUI
    ^^^^^^^^^
NameError: name 'dashboard' is not defined
2026-05-14 01:37:49,054 | ERROR | An error occurred during login. | login
Traceback (most recent call last):
  File "C:\Users\Bersimis-pc\Desktop\PROJECTS\GitHub Projects\Domestic-Financial-Management\src\login_system\login.py", line 56, in start_login
    dashboard.build_dashboard_gui(root) # on corect credentials go to dashboard GUI
                                  ^^^^
NameError: name 'root' is not defined
2026-05-21 16:58:14,534 | ERROR | An error occurred during login. | login
Traceback (most recent call last):
  File "C:\Users\Bersimis-pc\Desktop\PROJECTS\GitHub Projects\Domestic-Financial-Management\src\login_system\login.py", line 56, in start_login
    dashboard.build_dashboard_gui(root) # on corect credentials go to dashboard GUI
    ~~~~~~~~~~~~~~~~~~~~~~~~~~~~~^^^^^^
  File "C:\Users\Bersimis-pc\Desktop\PROJECTS\GitHub Projects\Domestic-Financial-Management\src\dashboard.py", line 328, in build_dashboard_gui
    Dashboard(root)
    ~~~~~~~~~^^^^^^
  File "C:\Users\Bersimis-pc\Desktop\PROJECTS\GitHub Projects\Domestic-Financial-Management\src\dashboard.py", line 74, in __init__
    self.create_sidebar()
    ~~~~~~~~~~~~~~~~~~~^^
  File "C:\Users\Bersimis-pc\Desktop\PROJECTS\GitHub Projects\Domestic-Financial-Management\src\dashboard.py", line 148, in create_sidebar
    command=self.logout
            ^^^^^^^^^^^
AttributeError: 'Dashboard' object has no attribute 'logout'
2026-05-21 16:58:52,739 | ERROR | An error occurred during login. | login
Traceback (most recent call last):
  File "C:\Users\Bersimis-pc\Desktop\PROJECTS\GitHub Projects\Domestic-Financial-Management\src\login_system\login.py", line 56, in start_login
    dashboard.build_dashboard_gui(root) # on corect credentials go to dashboard GUI
    ~~~~~~~~~~~~~~~~~~~~~~~~~~~~~^^^^^^
  File "C:\Users\Bersimis-pc\Desktop\PROJECTS\GitHub Projects\Domestic-Financial-Management\src\dashboard.py", line 328, in build_dashboard_gui
    Dashboard(root)
    ~~~~~~~~~^^^^^^
  File "C:\Users\Bersimis-pc\Desktop\PROJECTS\GitHub Projects\Domestic-Financial-Management\src\dashboard.py", line 74, in __init__
    self.create_sidebar()
    ~~~~~~~~~~~~~~~~~~~^^
  File "C:\Users\Bersimis-pc\Desktop\PROJECTS\GitHub Projects\Domestic-Financial-Management\src\dashboard.py", line 148, in create_sidebar
    command=self.logout
            ^^^^^^^^^^^
AttributeError: 'Dashboard' object has no attribute 'logout'
2026-05-21 17:00:57,834 | ERROR | An error occurred during login. | login
Traceback (most recent call last):
  File "C:\Users\Bersimis-pc\Desktop\PROJECTS\GitHub Projects\Domestic-Financial-Management\src\login_system\login.py", line 56, in start_login
    dashboard.build_dashboard_gui(root) # on corect credentials go to dashboard GUI
    ~~~~~~~~~~~~~~~~~~~~~~~~~~~~~^^^^^^
  File "C:\Users\Bersimis-pc\Desktop\PROJECTS\GitHub Projects\Domestic-Financial-Management\src\dashboard.py", line 328, in build_dashboard_gui
    Dashboard(root)
    ~~~~~~~~~^^^^^^
  File "C:\Users\Bersimis-pc\Desktop\PROJECTS\GitHub Projects\Domestic-Financial-Management\src\dashboard.py", line 74, in __init__
    self.create_sidebar()
    ~~~~~~~~~~~~~~~~~~~^^
  File "C:\Users\Bersimis-pc\Desktop\PROJECTS\GitHub Projects\Domestic-Financial-Management\src\dashboard.py", line 148, in create_sidebar
    command=self.logout
            ^^^^^^^^^^^
AttributeError: 'Dashboard' object has no attribute 'logout'
2026-05-21 17:04:38,398 | ERROR | An error occurred during login. | login
Traceback (most recent call last):
  File "C:\Users\Bersimis-pc\Desktop\PROJECTS\GitHub Projects\Domestic-Financial-Management\src\login_system\login.py", line 56, in start_login
    dashboard.build_dashboard_gui(root) # on corect credentials go to dashboard GUI
    ~~~~~~~~~~~~~~~~~~~~~~~~~~~~~^^^^^^
  File "C:\Users\Bersimis-pc\Desktop\PROJECTS\GitHub Projects\Domestic-Financial-Management\src\dashboard.py", line 328, in build_dashboard_gui
    Dashboard(root)
    ~~~~~~~~~^^^^^^
  File "C:\Users\Bersimis-pc\Desktop\PROJECTS\GitHub Projects\Domestic-Financial-Management\src\dashboard.py", line 74, in __init__
    self.create_sidebar()
    ~~~~~~~~~~~~~~~~~~~^^
  File "C:\Users\Bersimis-pc\Desktop\PROJECTS\GitHub Projects\Domestic-Financial-Management\src\dashboard.py", line 148, in create_sidebar
    command=self.logout
            ^^^^^^^^^^^
AttributeError: 'Dashboard' object has no attribute 'logout'
2026-05-23 02:06:22,235 | ERROR | An error occurred during login. | login
Traceback (most recent call last):
  File "C:\Users\Bersimis-pc\Desktop\PROJECTS\GitHub Projects\Domestic-Financial-Management\src\login_system\login.py", line 56, in start_login
    dashboard.build_dashboard_gui(root) # on corect credentials go to dashboard GUI
    ~~~~~~~~~~~~~~~~~~~~~~~~~~~~~^^^^^^
  File "C:\Users\Bersimis-pc\Desktop\PROJECTS\GitHub Projects\Domestic-Financial-Management\src\dashboard.py", line 329, in build_dashboard_gui
    Dashboard(root)
    ~~~~~~~~~^^^^^^
  File "C:\Users\Bersimis-pc\Desktop\PROJECTS\GitHub Projects\Domestic-Financial-Management\src\dashboard.py", line 66, in __init__
    self.create_sidebar()
    ~~~~~~~~~~~~~~~~~~~^^
  File "C:\Users\Bersimis-pc\Desktop\PROJECTS\GitHub Projects\Domestic-Financial-Management\src\dashboard.py", line 131, in create_sidebar
    command=self.show_admin_panel
            ^^^^^^^^^^^^^^^^^^^^^
AttributeError: 'Dashboard' object has no attribute 'show_admin_panel'
2026-05-23 02:07:02,987 | ERROR | An error occurred during login. | login
Traceback (most recent call last):
  File "C:\Users\Bersimis-pc\Desktop\PROJECTS\GitHub Projects\Domestic-Financial-Management\src\login_system\login.py", line 56, in start_login
    dashboard.build_dashboard_gui(root) # on corect credentials go to dashboard GUI
    ~~~~~~~~~~~~~~~~~~~~~~~~~~~~~^^^^^^
  File "C:\Users\Bersimis-pc\Desktop\PROJECTS\GitHub Projects\Domestic-Financial-Management\src\dashboard.py", line 329, in build_dashboard_gui
    Dashboard(root)
    ~~~~~~~~~^^^^^^
  File "C:\Users\Bersimis-pc\Desktop\PROJECTS\GitHub Projects\Domestic-Financial-Management\src\dashboard.py", line 66, in __init__
    self.create_sidebar()
    ~~~~~~~~~~~~~~~~~~~^^
  File "C:\Users\Bersimis-pc\Desktop\PROJECTS\GitHub Projects\Domestic-Financial-Management\src\dashboard.py", line 131, in create_sidebar
    command=self.show_admin_panel
            ^^^^^^^^^^^^^^^^^^^^^
AttributeError: 'Dashboard' object has no attribute 'show_admin_panel'
