2026-05-10 01:32:00,719 | ERROR | Critical Error: The application crashed | dashboard
Traceback (most recent call last):
  File "C:/Users/Bersimis-pc/Desktop/PROJECTS/GitHub Projects/Domestic-Financial-Management/src/dashboard.py", line 31, in main
    loged_in = session.check_login() #check if user is loged in
TypeError: check_login() missing 3 required positional arguments: 'con', 'user', and 'user_id'
2026-05-10 01:35:12,067 | ERROR | Critical Error: The application crashed | dashboard
Traceback (most recent call last):
  File "C:/Users/Bersimis-pc/Desktop/PROJECTS/GitHub Projects/Domestic-Financial-Management/src/dashboard.py", line 37, in main
    print(f"The user is {user} and the id is {user_id}")
                         ^^^^
NameError: name 'user' is not defined. Did you mean: 'super'?
2026-05-10 01:37:46,622 | ERROR | Critical Error: The application crashed | dashboard
Traceback (most recent call last):
  File "C:/Users/Bersimis-pc/Desktop/PROJECTS/GitHub Projects/Domestic-Financial-Management/src/dashboard.py", line 37, in main
    print(f"The user is {current_user} and the id is {current_user_id}")
                         ^^^^^^^^^^^^
NameError: name 'current_user' is not defined
2026-05-10 01:48:14,184 | ERROR | Critical Error: The application crashed | dashboard
Traceback (most recent call last):
  File "C:/Users/Bersimis-pc/Desktop/PROJECTS/GitHub Projects/Domestic-Financial-Management/src/dashboard.py", line 39, in main
    print(f"The user is {current_user} and the id is {current_user_id}")
                         ^^^^^^^^^^^^
NameError: name 'current_user' is not defined
2026-05-10 01:52:44,284 | ERROR | Critical Error: The application crashed | dashboard
Traceback (most recent call last):
  File "C:/Users/Bersimis-pc/Desktop/PROJECTS/GitHub Projects/Domestic-Financial-Management/src/dashboard.py", line 38, in main
    current_user = session.get_user_id()
                   ^^^^^^^^^^^^^^^^^^^
AttributeError: module 'connection.session' has no attribute 'get_user_id'. Did you mean: 'get_user'?
